<?xml version="1.0" encoding="UTF-8"?>
<testng-results ignored="0" total="2" passed="2" failed="0" skipped="0">
  <reporter-output>
  </reporter-output>
  <suite started-at="2023-04-27T15:26:09 IST" name="Default suite" finished-at="2023-04-27T15:26:40 IST" duration-ms="31725">
    <groups>
    </groups>
    <test started-at="2023-04-27T15:26:09 IST" name="Default test" finished-at="2023-04-27T15:26:40 IST" duration-ms="31725">
      <class name="test4">
        <test-method is-config="true" signature="beforeTest()[pri:0, instance:test4@66f57048]" started-at="2023-04-27T15:26:09 IST" name="beforeTest" finished-at="2023-04-27T15:26:22 IST" duration-ms="13532" status="PASS">
          <reporter-output>
          </reporter-output>
        </test-method> <!-- beforeTest -->
        <test-method signature="Login()[pri:0, instance:test4@66f57048]" started-at="2023-04-27T15:26:22 IST" name="Login" finished-at="2023-04-27T15:26:34 IST" duration-ms="12113" status="PASS">
          <reporter-output>
          </reporter-output>
        </test-method> <!-- Login -->
        <test-method signature="Logout()[pri:0, instance:test4@66f57048]" started-at="2023-04-27T15:26:34 IST" name="Logout" finished-at="2023-04-27T15:26:40 IST" depends-on-methods="test4.Login" duration-ms="6028" status="PASS">
          <reporter-output>
          </reporter-output>
        </test-method> <!-- Logout -->
      </class> <!-- test4 -->
    </test> <!-- Default test -->
  </suite> <!-- Default suite -->
</testng-results>
